# JRE version: OpenJDK Runtime Environment (21.0.6) (build 21.0.6+-13391695-b895.109)
# Java VM: OpenJDK 64-Bit Server VM (21.0.6+-13391695-b895.109, mixed mode, tiered, compressed oops, compressed class ptrs, g1 gc, windows-amd64)
GC Precious Log:
 CardTable entry size: 512
 Card Set container configuration: InlinePtr #cards 5 size 8 Array Of Cards #cards 12 size 40 Howl #buckets 4 coarsen threshold 1843 Howl Bitmap #cards 512 size 80 coarsen threshold 460 Card regions per heap region 1 cards per card region 2048
 CPUs: 12 total, 12 available
 Memory: 32694M
 Large Page Support: Disabled
 NUMA Support: Disabled
 Compressed Oops: Enabled (32-bit)
 Heap Region Size: 1M
 Heap Min Capacity: 8M
 Heap Initial Capacity: 512M
 Heap Max Capacity: 2G
 Pre-touch: Disabled
 Parallel Workers: 10
 Concurrent Workers: 3
 Concurrent Refinement Workers: 10
 Periodic GC: Disabled
Heap:
 garbage-first heap   total 183296K, used 132580K [0x0000000080000000, 0x0000000100000000)
  region size 1024K, 14 young (14336K), 7 survivors (7168K)
 Metaspace       used 118693K, committed 121088K, reserved 1179648K
  class space    used 16228K, committed 17408K, reserved 1048576K
GC Heap History (20 events):
Event: 10.827 GC heap before
{Heap before GC invocations=26 (full 0):
 garbage-first heap   total 157696K, used 111734K [0x0000000080000000, 0x0000000100000000)
  region size 1024K, 30 young (30720K), 7 survivors (7168K)
 Metaspace       used 96596K, committed 98688K, reserved 1179648K
  class space    used 12949K, committed 13952K, reserved 1048576K
}
Event: 10.830 GC heap after
{Heap after GC invocations=27 (full 0):
 garbage-first heap   total 157696K, used 90728K [0x0000000080000000, 0x0000000100000000)
  region size 1024K, 2 young (2048K), 2 survivors (2048K)
 Metaspace       used 96596K, committed 98688K, reserved 1179648K
  class space    used 12949K, committed 13952K, reserved 1048576K
}
Event: 11.585 GC heap before
{Heap before GC invocations=28 (full 0):
 garbage-first heap   total 157696K, used 146024K [0x0000000080000000, 0x0000000100000000)
  region size 1024K, 55 young (56320K), 2 survivors (2048K)
 Metaspace       used 100873K, committed 102912K, reserved 1179648K
  class space    used 13707K, committed 14720K, reserved 1048576K
}
Event: 11.587 GC heap after
{Heap after GC invocations=29 (full 0):
 garbage-first heap   total 157696K, used 91556K [0x0000000080000000, 0x0000000100000000)
  region size 1024K, 3 young (3072K), 3 survivors (3072K)
 Metaspace       used 100873K, committed 102912K, reserved 1179648K
  class space    used 13707K, committed 14720K, reserved 1048576K
}
Event: 12.081 GC heap before
{Heap before GC invocations=29 (full 0):
 garbage-first heap   total 157696K, used 144804K [0x0000000080000000, 0x0000000100000000)
  region size 1024K, 55 young (56320K), 3 survivors (3072K)
 Metaspace       used 104565K, committed 106688K, reserved 1179648K
  class space    used 14235K, committed 15296K, reserved 1048576K
}
Event: 12.084 GC heap after
{Heap after GC invocations=30 (full 0):
 garbage-first heap   total 157696K, used 92525K [0x0000000080000000, 0x0000000100000000)
  region size 1024K, 6 young (6144K), 6 survivors (6144K)
 Metaspace       used 104565K, committed 106688K, reserved 1179648K
  class space    used 14235K, committed 15296K, reserved 1048576K
}
Event: 12.477 GC heap before
{Heap before GC invocations=30 (full 0):
 garbage-first heap   total 157696K, used 140653K [0x0000000080000000, 0x0000000100000000)
  region size 1024K, 53 young (54272K), 6 survivors (6144K)
 Metaspace       used 105932K, committed 108160K, reserved 1179648K
  class space    used 14453K, committed 15552K, reserved 1048576K
}
Event: 12.481 GC heap after
{Heap after GC invocations=31 (full 0):
 garbage-first heap   total 157696K, used 96968K [0x0000000080000000, 0x0000000100000000)
  region size 1024K, 7 young (7168K), 7 survivors (7168K)
 Metaspace       used 105932K, committed 108160K, reserved 1179648K
  class space    used 14453K, committed 15552K, reserved 1048576K
}
Event: 12.993 GC heap before
{Heap before GC invocations=32 (full 0):
 garbage-first heap   total 162816K, used 141000K [0x0000000080000000, 0x0000000100000000)
  region size 1024K, 50 young (51200K), 7 survivors (7168K)
 Metaspace       used 106545K, committed 108800K, reserved 1179648K
  class space    used 14520K, committed 15616K, reserved 1048576K
}
Event: 12.998 GC heap after
{Heap after GC invocations=33 (full 0):
 garbage-first heap   total 162816K, used 102956K [0x0000000080000000, 0x0000000100000000)
  region size 1024K, 7 young (7168K), 7 survivors (7168K)
 Metaspace       used 106545K, committed 108800K, reserved 1179648K
  class space    used 14520K, committed 15616K, reserved 1048576K
}
Event: 13.452 GC heap before
{Heap before GC invocations=33 (full 0):
 garbage-first heap   total 162816K, used 145964K [0x0000000080000000, 0x0000000100000000)
  region size 1024K, 49 young (50176K), 7 survivors (7168K)
 Metaspace       used 109368K, committed 111616K, reserved 1179648K
  class space    used 14920K, committed 16000K, reserved 1048576K
}
Event: 13.457 GC heap after
{Heap after GC invocations=34 (full 0):
 garbage-first heap   total 162816K, used 106107K [0x0000000080000000, 0x0000000100000000)
  region size 1024K, 5 young (5120K), 5 survivors (5120K)
 Metaspace       used 109368K, committed 111616K, reserved 1179648K
  class space    used 14920K, committed 16000K, reserved 1048576K
}
Event: 14.038 GC heap before
{Heap before GC invocations=34 (full 0):
 garbage-first heap   total 162816K, used 147067K [0x0000000080000000, 0x0000000100000000)
  region size 1024K, 45 young (46080K), 5 survivors (5120K)
 Metaspace       used 113648K, committed 115904K, reserved 1179648K
  class space    used 15532K, committed 16640K, reserved 1048576K
}
Event: 14.041 GC heap after
{Heap after GC invocations=35 (full 0):
 garbage-first heap   total 162816K, used 108590K [0x0000000080000000, 0x0000000100000000)
  region size 1024K, 3 young (3072K), 3 survivors (3072K)
 Metaspace       used 113648K, committed 115904K, reserved 1179648K
  class space    used 15532K, committed 16640K, reserved 1048576K
}
Event: 14.513 GC heap before
{Heap before GC invocations=36 (full 0):
 garbage-first heap   total 183296K, used 148526K [0x0000000080000000, 0x0000000100000000)
  region size 1024K, 42 young (43008K), 3 survivors (3072K)
 Metaspace       used 115802K, committed 118144K, reserved 1179648K
  class space    used 15817K, committed 16960K, reserved 1048576K
}
Event: 14.517 GC heap after
{Heap after GC invocations=37 (full 0):
 garbage-first heap   total 183296K, used 112326K [0x0000000080000000, 0x0000000100000000)
  region size 1024K, 6 young (6144K), 6 survivors (6144K)
 Metaspace       used 115802K, committed 118144K, reserved 1179648K
  class space    used 15817K, committed 16960K, reserved 1048576K
}
Event: 14.923 GC heap before
{Heap before GC invocations=37 (full 0):
 garbage-first heap   total 183296K, used 166598K [0x0000000080000000, 0x0000000100000000)
  region size 1024K, 59 young (60416K), 6 survivors (6144K)
 Metaspace       used 117457K, committed 119808K, reserved 1179648K
  class space    used 16035K, committed 17216K, reserved 1048576K
}
Event: 14.929 GC heap after
{Heap after GC invocations=38 (full 0):
 garbage-first heap   total 183296K, used 117019K [0x0000000080000000, 0x0000000100000000)
  region size 1024K, 8 young (8192K), 8 survivors (8192K)
 Metaspace       used 117457K, committed 119808K, reserved 1179648K
  class space    used 16035K, committed 17216K, reserved 1048576K
}
Event: 15.244 GC heap before
{Heap before GC invocations=38 (full 0):
 garbage-first heap   total 183296K, used 164123K [0x0000000080000000, 0x0000000100000000)
  region size 1024K, 54 young (55296K), 8 survivors (8192K)
 Metaspace       used 117978K, committed 120320K, reserved 1179648K
  class space    used 16096K, committed 17216K, reserved 1048576K
}
Event: 15.250 GC heap after
{Heap after GC invocations=39 (full 0):
 garbage-first heap   total 183296K, used 126436K [0x0000000080000000, 0x0000000100000000)
  region size 1024K, 7 young (7168K), 7 survivors (7168K)
 Metaspace       used 117978K, committed 120320K, reserved 1179648K
  class space    used 16096K, committed 17216K, reserved 1048576K
}

